<?xml version="1.0" encoding="UTF-8"?>
<!-- Generated by org.testng.reporters.JUnitXMLReporter -->
<testsuite ignored="0" hostname="DESKTOP-LOTA8N8" failures="0" tests="21" name="Amazon Ecommerce Test Cases" time="216.791" errors="0" timestamp="2023-07-02T23:16:15 EDT">
  <testcase classname="testLayer.LoginPageTest" name="Title" time="0.022"/>
  <testcase classname="testLayer.LoginPageTest" name="Loginmodule" time="0.832"/>
  <testcase classname="testLayer.LoginPageTest" name="Loginmodule" time="0.849"/>
  <testcase classname="testLayer.LoginPageTest" name="Loginmodule" time="0.623"/>
  <testcase classname="testLayer.YourAccountTest" name="Title" time="0.008"/>
  <testcase classname="testLayer.YourAccountTest" name="account" time="8.498"/>
  <testcase classname="testLayer.YourOrderTest" name="Title" time="0.009"/>
  <testcase classname="testLayer.YourOrderTest" name="account" time="5.938"/>
  <testcase classname="testLayer.YourAddressTest" name="Title" time="0.006"/>
  <testcase classname="testLayer.YourAddressTest" name="account" time="6.549"/>
  <testcase classname="testLayer.AddYourPaymentMethodTest" name="Title" time="0.007"/>
  <testcase classname="testLayer.AddYourPaymentMethodTest" name="paymentmod" time="12.123"/>
  <testcase classname="testLayer.LoginSecurityTest" name="Title" time="0.007"/>
  <testcase classname="testLayer.LoginSecurityTest" name="Loginmodule" time="5.086"/>
  <testcase classname="testLayer.SearchFacilityTest" name="Title" time="0.007"/>
  <testcase classname="testLayer.SearchFacilityTest" name="account" time="13.499"/>
  <testcase classname="testLayer.ShoppingCartTest" name="Title" time="0.006"/>
  <testcase classname="testLayer.ShoppingCartTest" name="Loginmodule" time="5.362"/>
  <testcase classname="testLayer.SortingProductTest" name="Title" time="0.006"/>
  <testcase classname="testLayer.SortingProductTest" name="Loginmodule" time="7.252"/>
  <testcase classname="testLayer.GuestAccountTest" name="User" time="12.347"/>
</testsuite> <!-- Amazon Ecommerce Test Cases -->
